
> quote-optimization-frontend@0.1.0 start
> react-scripts start

(node:92901) [DEP_WEBPACK_DEV_SERVER_ON_AFTER_SETUP_MIDDLEWARE] DeprecationWarning: 'onAfterSetupMiddleware' option is deprecated. Please use the 'setupMiddlewares' option.
(Use `node --trace-deprecation ...` to show where the warning was created)
(node:92901) [DEP_WEBPACK_DEV_SERVER_ON_BEFORE_SETUP_MIDDLEWARE] DeprecationWarning: 'onBeforeSetupMiddleware' option is deprecated. Please use the 'setupMiddlewares' option.
Starting the development server...

Compiled successfully!

You can now view quote-optimization-frontend in the browser.

  Local:            http://localhost:3000
  On Your Network:  http://192.168.1.111:3000

Note that the development build is not optimized.
To create a production build, use npm run build.

webpack compiled successfully
(node:92901) [DEP0060] DeprecationWarning: The `util._extend` API is deprecated. Please use Object.assign() instead.
Compiling...
Compiled with warnings.

[eslint] 
src/App.jsx
  Line 50:3:  'useColorModeValue' is defined but never used  no-unused-vars
  Line 55:3:  'SimpleGrid' is defined but never used         no-unused-vars

Search for the keywords to learn more about each warning.
To ignore, add // eslint-disable-next-line to the line before.

WARNING in [eslint] 
src/App.jsx
  Line 50:3:  'useColorModeValue' is defined but never used  no-unused-vars
  Line 55:3:  'SimpleGrid' is defined but never used         no-unused-vars

webpack compiled with 1 warning
Compiling...
Compiled with warnings.

[eslint] 
src/App.jsx
  Line 50:3:  'useColorModeValue' is defined but never used  no-unused-vars
  Line 55:3:  'SimpleGrid' is defined but never used         no-unused-vars

src/components/FeatureImpactVisualization.jsx
  Line 21:7:  'AON_BLUE' is assigned a value but never used   no-unused-vars
  Line 22:7:  'AON_GREEN' is assigned a value but never used  no-unused-vars
  Line 23:7:  'AON_RED' is assigned a value but never used    no-unused-vars
  Line 53:9:  'bgColor' is assigned a value but never used    no-unused-vars

src/components/QuotesSubmissionComparison.jsx
  Line 4:3:   'VStack' is defined but never used                                                                                      no-unused-vars
  Line 5:3:   'HStack' is defined but never used                                                                                      no-unused-vars
  Line 20:3:  'Stat' is defined but never used                                                                                        no-unused-vars
  Line 21:3:  'StatLabel' is defined but never used                                                                                   no-unused-vars
  Line 22:3:  'StatNumber' is defined but never used                                                                                  no-unused-vars
  Line 23:3:  'StatHelpText' is defined but never used                                                                                no-unused-vars
  Line 25:3:  'Divider' is defined but never used                                                                                     no-unused-vars
  Line 47:7:  'AON_BLUE' is assigned a value but never used                                                                           no-unused-vars
  Line 50:7:  'AON_LIGHT_BLUE' is assigned a value but never used                                                                     no-unused-vars
  Line 81:6:  React Hook useEffect has a missing dependency: 'fetchSublimits'. Either include it or remove the dependency array       react-hooks/exhaustive-deps
  Line 88:6:  React Hook useEffect has a missing dependency: 'fetchComparisonData'. Either include it or remove the dependency array  react-hooks/exhaustive-deps

src/components/QuotesTable.jsx
  Line 14:3:   'AlertTitle' is defined but never used                no-unused-vars
  Line 15:3:   'AlertDescription' is defined but never used          no-unused-vars
  Line 22:3:   'IconButton' is defined but never used                no-unused-vars
  Line 23:3:   'Stack' is defined but never used                     no-unused-vars
  Line 24:3:   'HStack' is defined but never used                    no-unused-vars
  Line 25:3:   'Stat' is defined but never used                      no-unused-vars
  Line 26:3:   'StatLabel' is defined but never used                 no-unused-vars
  Line 27:3:   'StatNumber' is defined but never used                no-unused-vars
  Line 28:3:   'StatHelpText' is defined but never used              no-unused-vars
  Line 29:3:   'StatGroup' is defined but never used                 no-unused-vars
  Line 30:3:   'Select' is defined but never used                    no-unused-vars
  Line 32:3:   'useColorModeValue' is defined but never used         no-unused-vars
  Line 36:3:   'Link' is defined but never used                      no-unused-vars
  Line 38:22:  'CheckIcon' is defined but never used                 no-unused-vars
  Line 38:33:  'ChevronDownIcon' is defined but never used           no-unused-vars
  Line 41:18:  'RouterLink' is defined but never used                no-unused-vars
  Line 78:10:  'groupedQuotes' is assigned a value but never used    no-unused-vars
  Line 79:10:  'selectedQuotes' is assigned a value but never used   no-unused-vars
  Line 171:9:  'toggleSelection' is assigned a value but never used  no-unused-vars
  Line 211:9:  'getQuoteStatus' is assigned a value but never used   no-unused-vars
  Line 218:9:  'getStatusStyle' is assigned a value but never used   no-unused-vars

Search for the keywords to learn more about each warning.
To ignore, add // eslint-disable-next-line to the line before.

WARNING in [eslint] 
src/App.jsx
  Line 50:3:  'useColorModeValue' is defined but never used  no-unused-vars
  Line 55:3:  'SimpleGrid' is defined but never used         no-unused-vars

src/components/FeatureImpactVisualization.jsx
  Line 21:7:  'AON_BLUE' is assigned a value but never used   no-unused-vars
  Line 22:7:  'AON_GREEN' is assigned a value but never used  no-unused-vars
  Line 23:7:  'AON_RED' is assigned a value but never used    no-unused-vars
  Line 53:9:  'bgColor' is assigned a value but never used    no-unused-vars

src/components/QuotesSubmissionComparison.jsx
  Line 4:3:   'VStack' is defined but never used                                                                                      no-unused-vars
  Line 5:3:   'HStack' is defined but never used                                                                                      no-unused-vars
  Line 20:3:  'Stat' is defined but never used                                                                                        no-unused-vars
  Line 21:3:  'StatLabel' is defined but never used                                                                                   no-unused-vars
  Line 22:3:  'StatNumber' is defined but never used                                                                                  no-unused-vars
  Line 23:3:  'StatHelpText' is defined but never used                                                                                no-unused-vars
  Line 25:3:  'Divider' is defined but never used                                                                                     no-unused-vars
  Line 47:7:  'AON_BLUE' is assigned a value but never used                                                                           no-unused-vars
  Line 50:7:  'AON_LIGHT_BLUE' is assigned a value but never used                                                                     no-unused-vars
  Line 81:6:  React Hook useEffect has a missing dependency: 'fetchSublimits'. Either include it or remove the dependency array       react-hooks/exhaustive-deps
  Line 88:6:  React Hook useEffect has a missing dependency: 'fetchComparisonData'. Either include it or remove the dependency array  react-hooks/exhaustive-deps

src/components/QuotesTable.jsx
  Line 14:3:   'AlertTitle' is defined but never used                no-unused-vars
  Line 15:3:   'AlertDescription' is defined but never used          no-unused-vars
  Line 22:3:   'IconButton' is defined but never used                no-unused-vars
  Line 23:3:   'Stack' is defined but never used                     no-unused-vars
  Line 24:3:   'HStack' is defined but never used                    no-unused-vars
  Line 25:3:   'Stat' is defined but never used                      no-unused-vars
  Line 26:3:   'StatLabel' is defined but never used                 no-unused-vars
  Line 27:3:   'StatNumber' is defined but never used                no-unused-vars
  Line 28:3:   'StatHelpText' is defined but never used              no-unused-vars
  Line 29:3:   'StatGroup' is defined but never used                 no-unused-vars
  Line 30:3:   'Select' is defined but never used                    no-unused-vars
  Line 32:3:   'useColorModeValue' is defined but never used         no-unused-vars
  Line 36:3:   'Link' is defined but never used                      no-unused-vars
  Line 38:22:  'CheckIcon' is defined but never used                 no-unused-vars
  Line 38:33:  'ChevronDownIcon' is defined but never used           no-unused-vars
  Line 41:18:  'RouterLink' is defined but never used                no-unused-vars
  Line 78:10:  'groupedQuotes' is assigned a value but never used    no-unused-vars
  Line 79:10:  'selectedQuotes' is assigned a value but never used   no-unused-vars
  Line 171:9:  'toggleSelection' is assigned a value but never used  no-unused-vars
  Line 211:9:  'getQuoteStatus' is assigned a value but never used   no-unused-vars
  Line 218:9:  'getStatusStyle' is assigned a value but never used   no-unused-vars

webpack compiled with 1 warning
Proxy error: Could not proxy request /api/quotes from localhost:3000 to http://localhost:5001.
See https://nodejs.org/api/errors.html#errors_common_system_errors for more information (ECONNRESET).

Proxy error: Could not proxy request /api/quotes from localhost:3000 to http://localhost:5001.
See https://nodejs.org/api/errors.html#errors_common_system_errors for more information (ECONNRESET).

Proxy error: Could not proxy request /api/quotes from localhost:3000 to http://localhost:5001.
See https://nodejs.org/api/errors.html#errors_common_system_errors for more information (ECONNREFUSED).

